#
# There is insufficient memory for the Java Runtime Environment to continue.
# Native memory allocation (mmap) failed to map 268435456 bytes for G1 virtual space
# Possible reasons:
#   The system is out of physical RAM or swap space
#   The process is running with CompressedOops enabled, and the Java Heap may be blocking the growth of the native heap
# Possible solutions:
#   Reduce memory load on the system
#   Increase physical memory or swap space
#   Check if swap backing store is full
#   Decrease Java heap size (-Xmx/-Xms)
#   Decrease number of Java threads
#   Decrease Java thread stack sizes (-Xss)
#   Set larger code cache with -XX:ReservedCodeCacheSize=
#   JVM is running with Zero Based Compressed Oops mode in which the Java heap is
#     placed in the first 32GB address space. The Java Heap base address is the
#     maximum limit for the native heap growth. Please use -XX:HeapBaseMinAddress
#     to set the Java Heap base and to place the Java Heap above 32GB virtual address.
# This output file may be truncated or incomplete.
#
#  Out of Memory Error (os_windows.cpp:3548), pid=2804, tid=18696
#
# JRE version:  (17.0.5+8) (build )
# Java VM: OpenJDK 64-Bit Server VM (17.0.5+8-LTS, mixed mode, emulated-client, sharing, tiered, compressed oops, compressed class ptrs, g1 gc, windows-amd64)
# No core dump will be written. Minidumps are not enabled by default on client versions of Windows
#

---------------  S U M M A R Y ------------

Command Line: -XX:TieredStopAtLevel=1 -Dspring.output.ansi.enabled=always -Dcom.sun.management.jmxremote -Dspring.jmx.enabled=true -Dspring.liveBeansView.mbeanDomain -Dspring.application.admin.enabled=true -Dmanagement.endpoints.jmx.exposure.include=* -javaagent:C:\Program Files\JetBrains\IntelliJ IDEA 2022.3.1\lib\idea_rt.jar=55876:C:\Program Files\JetBrains\IntelliJ IDEA 2022.3.1\bin -Dfile.encoding=UTF-8 com.challange.talkspace.TalkSpaceApplication

Host: Intel(R) Core(TM) i5-7200U CPU @ 2.50GHz, 4 cores, 15G,  Windows 10 , 64 bit Build 19041 (10.0.19041.3393)
Time: Tue Sep 26 16:55:48 2023  Windows 10 , 64 bit Build 19041 (10.0.19041.3393) elapsed time: 0.066073 seconds (0d 0h 0m 0s)

---------------  T H R E A D  ---------------

Current thread (0x000001de863328e0):  JavaThread "Unknown thread" [_thread_in_vm, id=18696, stack(0x00000064f1d00000,0x00000064f1e00000)]

Stack: [0x00000064f1d00000,0x00000064f1e00000]
Native frames: (J=compiled Java code, j=interpreted, Vv=VM code, C=native code)
V  [jvm.dll+0x646e0a]
V  [jvm.dll+0x7f7f14]
V  [jvm.dll+0x7f96ce]
V  [jvm.dll+0x7f9d23]
V  [jvm.dll+0x234c98]
V  [jvm.dll+0x643d6a]
V  [jvm.dll+0x63849a]
V  [jvm.dll+0x2f2ed9]
V  [jvm.dll+0x2fa066]
V  [jvm.dll+0x345a2a]
V  [jvm.dll+0x345c6f]
V  [jvm.dll+0x2c9378]
V  [jvm.dll+0x2ca309]
V  [jvm.dll+0x7cb681]
V  [jvm.dll+0x352eb1]
V  [jvm.dll+0x7abb8e]
V  [jvm.dll+0x3ce293]
V  [jvm.dll+0x3cfc91]
C  [jli.dll+0x519f]
C  [ucrtbase.dll+0x21bb2]
C  [KERNEL32.DLL+0x17344]
C  [ntdll.dll+0x526b1]


---------------  P R O C E S S  ---------------

Threads class SMR info:
_java_thread_list=0x00007ffe42e46758, length=0, elements={
}

Java Threads: ( => current thread )

Other Threads:
  0x000001de8627e7a0 GCTaskThread "GC Thread#0" [stack: 0x00000064f1e00000,0x00000064f1f00000] [id=14448]
  0x000001de863aab80 ConcurrentGCThread "G1 Main Marker" [stack: 0x00000064f1f00000,0x00000064f2000000] [id=15328]
  0x000001de863ab3a0 ConcurrentGCThread "G1 Conc#0" [stack: 0x00000064f2000000,0x00000064f2100000] [id=24288]

[error occurred during error reporting (printing all threads), id 0xc0000005, EXCEPTION_ACCESS_VIOLATION (0xc0000005) at pc=0x00007ffe4263a567]

VM state: not at safepoint (not fully initialized)

VM Mutex/Monitor currently owned by a thread:  ([mutex/lock_event])
[0x000001de8632d7b0] Heap_lock - owner thread: 0x000001de863328e0

Heap address: 0x0000000701600000, size: 4074 MB, Compressed Oops mode: Zero based, Oop shift amount: 3

CDS archive(s) mapped at: [0x0000000000000000-0x0000000000000000-0x0000000000000000), size 0, SharedBaseAddress: 0x0000000800000000, ArchiveRelocationMode: 0.
Narrow klass base: 0x0000000000000000, Narrow klass shift: 0, Narrow klass range: 0x0

GC Precious Log:
<Empty>

Heap:
 garbage-first heap   total 0K, used 0K [0x0000000701600000, 0x0000000800000000)
  region size 2048K, 0 young (0K), 0 survivors (0K)

[error occurred during error reporting (printing heap information), id 0xc0000005, EXCEPTION_ACCESS_VIOLATION (0xc0000005) at pc=0x00007ffe429fe739]

GC Heap History (0 events):
No events

Dll operation events (1 events):
Event: 0.026 Loaded shared library C:\Program Files\Java\corretto-17.0.5\bin\java.dll

Deoptimization events (0 events):
No events

Classes unloaded (0 events):
No events

Classes redefined (0 events):
No events

Internal exceptions (0 events):
No events

VM Operations (0 events):
No events

Events (0 events):
No events


Dynamic libraries:
0x00007ff7046e0000 - 0x00007ff7046ed000 	C:\Program Files\Java\corretto-17.0.5\bin\java.exe
0x00007ffebce90000 - 0x00007ffebd088000 	C:\WINDOWS\SYSTEM32\ntdll.dll
0x00007ffe7d180000 - 0x00007ffe7d199000 	C:\Program Files\Avast Software\Avast\aswhook.dll
0x00007ffebc800000 - 0x00007ffebc8bd000 	C:\WINDOWS\System32\KERNEL32.DLL
0x00007ffeba6e0000 - 0x00007ffeba9d6000 	C:\WINDOWS\System32\KERNELBASE.dll
0x00007ffeba9e0000 - 0x00007ffebaae0000 	C:\WINDOWS\System32\ucrtbase.dll
0x00007ffeb5f30000 - 0x00007ffeb5f47000 	C:\Program Files\Java\corretto-17.0.5\bin\jli.dll
0x00007ffebaef0000 - 0x00007ffebb08e000 	C:\WINDOWS\System32\USER32.dll
0x00007ffebaec0000 - 0x00007ffebaee2000 	C:\WINDOWS\System32\win32u.dll
0x00007ffebb2b0000 - 0x00007ffebb2dc000 	C:\WINDOWS\System32\GDI32.dll
0x00007ffebad10000 - 0x00007ffebae2a000 	C:\WINDOWS\System32\gdi32full.dll
0x00007ffebac70000 - 0x00007ffebad0d000 	C:\WINDOWS\System32\msvcp_win.dll
0x00007ffeb5f10000 - 0x00007ffeb5f25000 	C:\Program Files\Java\corretto-17.0.5\bin\VCRUNTIME140.dll
0x00007ffea60c0000 - 0x00007ffea635a000 	C:\WINDOWS\WinSxS\amd64_microsoft.windows.common-controls_6595b64144ccf1df_6.0.19041.1110_none_60b5254171f9507e\COMCTL32.dll
0x00007ffebbcd0000 - 0x00007ffebbd6e000 	C:\WINDOWS\System32\msvcrt.dll
0x00007ffebcb60000 - 0x00007ffebcb90000 	C:\WINDOWS\System32\IMM32.DLL
0x00007ffe9b510000 - 0x00007ffe9b5ab000 	C:\Program Files\Java\corretto-17.0.5\bin\msvcp140.dll
0x00007ffe42360000 - 0x00007ffe42f74000 	C:\Program Files\Java\corretto-17.0.5\bin\server\jvm.dll
0x00007ffebcc70000 - 0x00007ffebcd1e000 	C:\WINDOWS\System32\ADVAPI32.dll
0x00007ffebc760000 - 0x00007ffebc7fc000 	C:\WINDOWS\System32\sechost.dll
0x00007ffebcd20000 - 0x00007ffebce46000 	C:\WINDOWS\System32\RPCRT4.dll
0x00007ffea02b0000 - 0x00007ffea02b9000 	C:\WINDOWS\SYSTEM32\WSOCK32.dll
0x00007ffea4c40000 - 0x00007ffea4c67000 	C:\WINDOWS\SYSTEM32\WINMM.dll
0x00007ffebb2e0000 - 0x00007ffebb34b000 	C:\WINDOWS\System32\WS2_32.dll
0x00007ffeb3470000 - 0x00007ffeb347a000 	C:\WINDOWS\SYSTEM32\VERSION.dll
0x00007ffeb8d50000 - 0x00007ffeb8d62000 	C:\WINDOWS\SYSTEM32\kernel.appcore.dll
0x00007ffeb5f60000 - 0x00007ffeb5f6a000 	C:\Program Files\Java\corretto-17.0.5\bin\jimage.dll
0x00007ffeb82c0000 - 0x00007ffeb84a4000 	C:\WINDOWS\SYSTEM32\DBGHELP.DLL
0x00007ffeb0530000 - 0x00007ffeb0564000 	C:\WINDOWS\SYSTEM32\dbgcore.DLL
0x00007ffebae30000 - 0x00007ffebaeb2000 	C:\WINDOWS\System32\bcryptPrimitives.dll
0x00007ffeb5160000 - 0x00007ffeb516e000 	C:\Program Files\Java\corretto-17.0.5\bin\instrument.dll
0x00007ffeacf60000 - 0x00007ffeacf85000 	C:\Program Files\Java\corretto-17.0.5\bin\java.dll

dbghelp: loaded successfully - version: 4.0.5 - missing functions: none
symbol engine: initialized successfully - sym options: 0x614 - pdb path: .;C:\Program Files\Java\corretto-17.0.5\bin;C:\WINDOWS\SYSTEM32;C:\Program Files\Avast Software\Avast;C:\WINDOWS\WinSxS\amd64_microsoft.windows.common-controls_6595b64144ccf1df_6.0.19041.1110_none_60b5254171f9507e;C:\Program Files\Java\corretto-17.0.5\bin\server

VM Arguments:
jvm_args: -XX:TieredStopAtLevel=1 -Dspring.output.ansi.enabled=always -Dcom.sun.management.jmxremote -Dspring.jmx.enabled=true -Dspring.liveBeansView.mbeanDomain -Dspring.application.admin.enabled=true -Dmanagement.endpoints.jmx.exposure.include=* -javaagent:C:\Program Files\JetBrains\IntelliJ IDEA 2022.3.1\lib\idea_rt.jar=55876:C:\Program Files\JetBrains\IntelliJ IDEA 2022.3.1\bin -Dfile.encoding=UTF-8 
java_command: com.challange.talkspace.TalkSpaceApplication
java_class_path (initial): D:\JAVA\projects\TalkSpace\target\classes;C:\Users\Nikolay\.m2\repository\org\springframework\boot\spring-boot-starter-data-jdbc\3.1.1\spring-boot-starter-data-jdbc-3.1.1.jar;C:\Users\Nikolay\.m2\repository\org\springframework\boot\spring-boot-starter-jdbc\3.1.1\spring-boot-starter-jdbc-3.1.1.jar;C:\Users\Nikolay\.m2\repository\com\zaxxer\HikariCP\5.0.1\HikariCP-5.0.1.jar;C:\Users\Nikolay\.m2\repository\org\springframework\spring-jdbc\6.0.10\spring-jdbc-6.0.10.jar;C:\Users\Nikolay\.m2\repository\org\springframework\data\spring-data-jdbc\3.1.1\spring-data-jdbc-3.1.1.jar;C:\Users\Nikolay\.m2\repository\org\springframework\data\spring-data-relational\3.1.1\spring-data-relational-3.1.1.jar;C:\Users\Nikolay\.m2\repository\org\springframework\data\spring-data-commons\3.1.1\spring-data-commons-3.1.1.jar;C:\Users\Nikolay\.m2\repository\org\springframework\spring-tx\6.0.10\spring-tx-6.0.10.jar;C:\Users\Nikolay\.m2\repository\org\springframework\spring-context\6.0.10\spring-context-6.0.10.jar;C:\Users\Nikolay\.m2\repository\org\springframework\spring-beans\6.0.10\spring-beans-6.0.10.jar;C:\Users\Nikolay\.m2\repository\org\slf4j\slf4j-api\2.0.7\slf4j-api-2.0.7.jar;C:\Users\Nikolay\.m2\repository\org\springframework\boot\spring-boot-starter-data-jpa\3.1.1\spring-boot-starter-data-jpa-3.1.1.jar;C:\Users\Nikolay\.m2\repository\org\springframework\boot\spring-boot-starter-aop\3.1.1\spring-boot-starter-aop-3.1.1.jar;C:\Users\Nikolay\.m2\repository\org\aspectj\aspectjweaver\1.9.19\aspectjweaver-1.9.19.jar;C:\Users\Nikolay\.m2\repository\org\hibernate\orm\hibernate-core\6.2.5.Final\hibernate-core-6.2.5.Final.jar;C:\Users\Nikolay\.m2\repository\jakarta\persistence\jakarta.persistence-api\3.1.0\jakarta.persistence-api-3.1.0.jar;C:\Users\Nikolay\.m2\repository\jakarta\transaction\jakarta.transaction-api\2.0.1\jakarta.transaction-api-2.0.1.jar;C:\Users\Nikolay\.m2\repository\org\jboss\logging\jboss-logging\3.5.1.Final\jboss-logging-3.5.1.Final.jar;C:\Users\Ni
Launcher Type: SUN_STANDARD

[Global flags]
     intx CICompilerCount                          = 3                                         {product} {ergonomic}
     uint ConcGCThreads                            = 1                                         {product} {ergonomic}
     uint G1ConcRefinementThreads                  = 4                                         {product} {ergonomic}
   size_t G1HeapRegionSize                         = 2097152                                   {product} {ergonomic}
    uintx GCDrainStackTargetSize                   = 64                                        {product} {ergonomic}
   size_t InitialHeapSize                          = 268435456                                 {product} {ergonomic}
     bool ManagementServer                         = true                                      {product} {command line}
   size_t MarkStackSize                            = 4194304                                   {product} {ergonomic}
   size_t MaxHeapSize                              = 4271898624                                {product} {ergonomic}
   size_t MinHeapDeltaBytes                        = 2097152                                   {product} {ergonomic}
   size_t MinHeapSize                              = 8388608                                   {product} {ergonomic}
    uintx NonProfiledCodeHeapSize                  = 0                                      {pd product} {ergonomic}
     bool ProfileInterpreter                       = false                                  {pd product} {command line}
    uintx ProfiledCodeHeapSize                     = 0                                      {pd product} {ergonomic}
   size_t SoftMaxHeapSize                          = 4271898624                             {manageable} {ergonomic}
     intx TieredStopAtLevel                        = 1                                         {product} {command line}
     bool UseCompressedClassPointers               = true                           {product lp64_product} {ergonomic}
     bool UseCompressedOops                        = true                           {product lp64_product} {ergonomic}
     bool UseG1GC                                  = true                                      {product} {ergonomic}
     bool UseLargePagesIndividualAllocation        = false                                  {pd product} {ergonomic}

Logging:
Log output configuration:
 #0: stdout all=warning uptime,level,tags
 #1: stderr all=off uptime,level,tags

Environment Variables:
JAVA_HOME=C:\Program Files\Java\corretto-17.0.5
PATH=C:\Program Files\Common Files\Oracle\Java\javapath;C:\Program Files (x86)\Intel\Intel(R) Management Engine Components\iCLS\;C:\Program Files\Intel\Intel(R) Management Engine Components\iCLS\;C:\windows\system32;C:\windows;C:\windows\System32\Wbem;C:\windows\System32\WindowsPowerShell\v1.0\;C:\windows\System32\OpenSSH\;C:\Program Files (x86)\NVIDIA Corporation\PhysX\Common;C:\Program Files (x86)\Intel\Intel(R) Management Engine Components\DAL;C:\Program Files\Intel\Intel(R) Management Engine Components\DAL;C:\Program Files (x86)\Intel\Intel(R) Management Engine Components\IPT;C:\Program Files\Intel\Intel(R) Management Engine Components\IPT;C:\WINDOWS\system32;C:\WINDOWS;C:\WINDOWS\System32\Wbem;C:\WINDOWS\System32\WindowsPowerShell\v1.0\;C:\WINDOWS\System32\OpenSSH\;C:\Program Files (x86)\Microsoft SQL Server\100\Tools\Binn\;C:\Program Files\Microsoft SQL Server\100\Tools\Binn\;C:\Program Files\Microsoft SQL Server\100\DTS\Binn\;C:\Program Files (x86)\Microsoft SQL Server\100\Tools\Binn\VSShell\Common7\IDE\;C:\Program Files (x86)\Microsoft Visual Studio 9.0\Common7\IDE\PrivateAssemblies\;C:\Program Files (x86)\Microsoft SQL Server\100\DTS\Binn\;C:\Program Files\Git\cmd;C:\Program Files\Java\corretto-17.0.5\jre;C:\Program Files\Apache\apache-maven-3.8.2\bin;C:\Program Files\PostgreSQL\15\bin;C:\Program Files\nodejs\;C:\Program Files\Docker\Docker\resources\bin;C:\Users\Nikolay\AppData\Local\Microsoft\WindowsApps;C:\Users\Nikolay\AppData\Local\Programs\Microsoft VS Code\bin;C:\Program Files\heroku\bin;;C:\Program Files\JetBrains\IntelliJ IDEA 2022.3.1;;C:\Users\Nikolay\AppData\Roaming\npm
USERNAME=Mykola
OS=Windows_NT
PROCESSOR_IDENTIFIER=Intel64 Family 6 Model 142 Stepping 9, GenuineIntel
TMP=C:\Users\Nikolay\AppData\Local\Temp
TEMP=C:\Users\Nikolay\AppData\Local\Temp



---------------  S Y S T E M  ---------------

OS:
 Windows 10 , 64 bit Build 19041 (10.0.19041.3393)
OS uptime: 10 days 3:12 hours
Hyper-V role detected

CPU: total 4 (initial active 4) (2 cores per cpu, 2 threads per core) family 6 model 142 stepping 9 microcode 0xde, cx8, cmov, fxsr, ht, mmx, 3dnowpref, sse, sse2, sse3, ssse3, sse4.1, sse4.2, popcnt, lzcnt, tsc, tscinvbit, avx, avx2, aes, erms, clmul, bmi1, bmi2, adx, fma, vzeroupper, clflush, clflushopt, hv

Memory: 4k page, system-wide physical 16295M (1455M free)
TotalPageFile size 23295M (AvailPageFile size 95M)
current process WorkingSet (physical memory assigned to process): 11M, peak: 11M
current process commit charge ("private bytes"): 47M, peak: 303M

vm_info: OpenJDK 64-Bit Server VM (17.0.5+8-LTS) for windows-amd64 JRE (17.0.5+8-LTS), built on Oct 13 2022 05:18:14 by "Administrator" with MS VC++ 15.9 (VS2017)

END.
